17:34:35.976 [1891789590@qtp-188006096-2] INFO  ru.go2java.weather.WeatherService - Запускаю сервис - [Index : 60202]
17:34:35.977 [1891789590@qtp-188006096-2] INFO  ru.go2java.weather.WeatherService - Получаю данные для индекса60202 - [Index : 60202]
17:34:35.977 [1891789590@qtp-188006096-2] INFO  ru.go2java.weather.YahooRetriver - Получаю данные из http://weather.yahooapis.com/forecastrss?p=60202 - [Index : 60202]
17:34:36.326 [1891789590@qtp-188006096-2] INFO  ru.go2java.weather.YahooXmlParser - Создаю XML Reader - [Index : 60202]
17:34:36.489 [1891789590@qtp-188006096-2] INFO  ru.go2java.weather.YahooXmlParser - Парсим XML - [Index : 60202]
17:34:36.492 [1891789590@qtp-188006096-2] INFO  ru.go2java.weather.WeatherService - Вывожу данные на экран - [Index : 60202]
17:34:36.495 [1891789590@qtp-188006096-2] INFO  ru.go2java.weather.WeatherService - Готово! - [Index : ]
17:39:36.281 [54270722@qtp-188006096-0] INFO  ru.go2java.weather.WeatherService - Запускаю сервис - [Index : 34534]
17:39:36.282 [54270722@qtp-188006096-0] INFO  ru.go2java.weather.WeatherService - Получаю данные для индекса34534 - [Index : 34534]
17:39:36.282 [54270722@qtp-188006096-0] INFO  ru.go2java.weather.YahooRetriver - Получаю данные из http://weather.yahooapis.com/forecastrss?p=34534 - [Index : 34534]
17:39:36.406 [54270722@qtp-188006096-0] INFO  ru.go2java.weather.YahooXmlParser - Создаю XML Reader - [Index : 34534]
17:39:36.409 [54270722@qtp-188006096-0] INFO  ru.go2java.weather.YahooXmlParser - Парсим XML - [Index : 34534]
17:39:36.431 [54270722@qtp-188006096-0] INFO  ru.go2java.weather.WeatherService - Вывожу данные на экран - [Index : 34534]
17:39:36.433 [54270722@qtp-188006096-0] INFO  ru.go2java.weather.WeatherService - Готово! - [Index : ]
17:39:39.547 [1099603912@qtp-188006096-3] WARN  ru.go2java.weather.WeatherService - Неверный индекс  - [Index : ]
17:41:23.719 [79191063@qtp-188006096-4] INFO  ru.go2java.weather.WeatherService - Запускаю сервис - [Index : 60202]
17:41:23.720 [79191063@qtp-188006096-4] INFO  ru.go2java.weather.WeatherService - Получаю данные для индекса60202 - [Index : 60202]
17:41:23.720 [79191063@qtp-188006096-4] INFO  ru.go2java.weather.YahooRetriver - Получаю данные из http://weather.yahooapis.com/forecastrss?p=60202 - [Index : 60202]
17:41:23.924 [79191063@qtp-188006096-4] INFO  ru.go2java.weather.YahooXmlParser - Создаю XML Reader - [Index : 60202]
17:41:23.929 [79191063@qtp-188006096-4] INFO  ru.go2java.weather.YahooXmlParser - Парсим XML - [Index : 60202]
17:41:23.931 [79191063@qtp-188006096-4] INFO  ru.go2java.weather.WeatherService - Вывожу данные на экран - [Index : 60202]
17:41:23.935 [79191063@qtp-188006096-4] INFO  ru.go2java.weather.WeatherService - Готово! - [Index : ]
17:42:56.958 [1728468445@qtp-54270722-1] INFO  ru.go2java.weather.WeatherService - Запускаю сервис - [Index : 60202]
17:42:57.045 [1728468445@qtp-54270722-1] INFO  ru.go2java.weather.WeatherService - Получаю данные для индекса60202 - [Index : 60202]
17:42:57.051 [1728468445@qtp-54270722-1] INFO  ru.go2java.weather.YahooRetriver - Получаю данные из http://weather.yahooapis.com/forecastrss?p=60202 - [Index : 60202]
17:42:57.234 [1728468445@qtp-54270722-1] INFO  ru.go2java.weather.YahooXmlParser - Создаю XML Reader - [Index : 60202]
17:42:57.282 [1728468445@qtp-54270722-1] INFO  ru.go2java.weather.YahooXmlParser - Парсим XML - [Index : 60202]
17:42:57.353 [1728468445@qtp-54270722-1] INFO  ru.go2java.weather.WeatherService - Вывожу данные на экран - [Index : 60202]
17:42:57.497 [1728468445@qtp-54270722-1] INFO  ru.go2java.weather.WeatherService - Готово! - [Index : 60202]
